<?xml version="1.0" encoding="UTF-8"?>
<testng-results ignored="0" total="1" passed="1" failed="0" skipped="0">
  <reporter-output>
  </reporter-output>
  <suite started-at="2022-09-05T11:16:41 IST" name="Default suite" finished-at="2022-09-05T11:16:59 IST" duration-ms="18262">
    <groups>
    </groups>
    <test started-at="2022-09-05T11:16:41 IST" name="Default test" finished-at="2022-09-05T11:16:59 IST" duration-ms="18262">
      <class name="Automation.Test_one">
        <test-method signature="basePageNavigation()[pri:0, instance:Automation.Test_one@6f46426d]" started-at="2022-09-05T11:16:41 IST" name="basePageNavigation" finished-at="2022-09-05T11:16:59 IST" duration-ms="18192" status="PASS">
          <reporter-output>
          </reporter-output>
        </test-method> <!-- basePageNavigation -->
      </class> <!-- Automation.Test_one -->
    </test> <!-- Default test -->
  </suite> <!-- Default suite -->
</testng-results>
